#
# A fatal error has been detected by the Java Runtime Environment:
#
#  Internal Error (os_linux_zero.cpp:270), pid=11538, tid=2740061296
#  fatal error: caught unhandled signal 11
#
# JRE version: 6.0_27-b27
# Java VM: OpenJDK Zero VM (20.0-b12 mixed mode linux-arm )
# Derivative: IcedTea6 1.12.5
# Distribution: Debian GNU/Linux 7.0 (wheezy), package 6b27-1.12.5-1+rpi1
# If you would like to submit a bug report, please include
# instructions how to reproduce the bug and visit:
#   http://icedtea.classpath.org/bugzilla
#

---------------  T H R E A D  ---------------

Current thread (0x0049bbf8):  JavaThread "AWT-EventQueue-0" [_thread_in_Java, id=11549, stack(0xa33a1000,0xa3521000)]

Stack: [0xa33a1000,0xa3521000],  sp=0xa3462604,  free space=773k
Java frames:
 0xa351f5a8: stack_word[2]         = 0xa351f55c
 0xa351f5ac: stack_word[1]         = 0xa351f570
 0xa351f5b0: stack_word[0]         = 0xa4ac00f8
 0xa351f5b4: monitor[0]->_lock     = 0x00000009
 0xa351f5b8: monitor[0]->_obj      = 0xa4ac00b0
 0xa351f5bc: istate->_thread       = 0x0049bbf8
 0xa351f5c0: istate->_bcp          = 0xb0ab18a9 (bci 9)
 0xa351f5c4: istate->_locals       = 0xa351f61c
 0xa351f5c8: istate->_constants    = 0xb0ab5610
 0xa351f5cc: istate->_method       = javax.swing.RepaintManager.addInvalidComponent(Ljavax/swing/JComponent;)V
 0xa351f5d0: istate->_mdx          = 0x00000000
 0xa351f5d4: istate->_stack        = 0xa351f5ac
 0xa351f5d8: istate->_msg          = 0x00000000
 0xa351f5dc: istate->_result       = 0x00000000
 0xa351f5e0: (istate->_result)     = 0xb0ab14d0
 0xa351f5e4: (istate->_result)     = 0x00000000
 0xa351f5e8: istate->_prev_link    = 0x00000000
 0xa351f5ec: istate->_oop_temp     = 0x00000000
 0xa351f5f0: istate->_stack_base   = 0xa351f5b4
 0xa351f5f4: istate->_stack_limit  = 0xa351f5a4
 0xa351f5f8: istate->_monitor_base = 0xa351f5bc
 0xa351f5fc: istate->_self_link    = 0xa351f5bc
 0xa351f600: frame_type            = INTERPRETER_FRAME
 0xa351f604: next_frame            = 0xa351f668

 0xa351f608: local[5]              = 0x00000000
 0xa351f60c: local[4]              = 0x00000000
 0xa351f610: local[3]              = 0xa4ac00f8
 0xa351f614: local[2]              = 0x00000000
 0xa351f618: local[1]              = 0xa4ac00f8
 0xa351f61c: local[0]              = 0xa4ac00b0
 0xa351f620: istate->_thread       = 0x0049bbf8
 0xa351f624: istate->_bcp          = 0xb075bf77 (bci 23)
 0xa351f628: istate->_locals       = 0xa351f674
 0xa351f62c: istate->_constants    = 0xb0795018
 0xa351f630: istate->_method       = javax.swing.JComponent.revalidate()V
 0xa351f634: istate->_mdx          = 0x00000000
 0xa351f638: istate->_stack        = 0xa351f614
 0xa351f63c: istate->_msg          = 0x00000000
 0xa351f640: istate->_result       = 0x00000000
 0xa351f644: (istate->_result)     = 0xb45b7144
 0xa351f648: (istate->_result)     = 0x00000000
 0xa351f64c: istate->_prev_link    = 0xa351f618
 0xa351f650: istate->_oop_temp     = 0x00000000
 0xa351f654: istate->_stack_base   = 0xa351f620
 0xa351f658: istate->_stack_limit  = 0xa351f610
 0xa351f65c: istate->_monitor_base = 0xa351f620
 0xa351f660: istate->_self_link    = 0xa351f620
 0xa351f664: frame_type            = INTERPRETER_FRAME
 0xa351f668: next_frame            = 0xa351f6c8

 0xa351f66c: local[2]              = 0x00000000
 0xa351f670: local[1]              = 0x00000000
 0xa351f674: local[0]              = 0xa4ac00f8
 0xa351f678: monitor[0]->_lock     = 0x0cf0ae01
 0xa351f67c: monitor[0]->_obj      = 0x00000000
 0xa351f680: istate->_thread       = 0x0049bbf8
 0xa351f684: istate->_bcp          = 0xb0c5aee7 (bci 31)
 0xa351f688: istate->_locals       = 0xa351f6d4
 0xa351f68c: istate->_constants    = 0xb0c5b138
 0xa351f690: istate->_method       = javax.swing.JComponent$2.run()V
 0xa351f694: istate->_mdx          = 0x00000000
 0xa351f698: istate->_stack        = 0xa351f670
 0xa351f69c: istate->_msg          = 0x00000000
 0xa351f6a0: istate->_result       = 0xa351f654
 0xa351f6a4: (istate->_result)     = 0xb45b7140
 0xa351f6a8: (istate->_result)     = 0xa351f668
 0xa351f6ac: istate->_prev_link    = 0x00000002
 0xa351f6b0: istate->_oop_temp     = 0x00000000
 0xa351f6b4: istate->_stack_base   = 0xa351f678
 0xa351f6b8: istate->_stack_limit  = 0xa351f668
 0xa351f6bc: istate->_monitor_base = 0xa351f680
 0xa351f6c0: istate->_self_link    = 0xa351f680
 0xa351f6c4: frame_type            = INTERPRETER_FRAME
 0xa351f6c8: next_frame            = 0xa351f720

 0xa351f6cc: local[2]              = 0x00000000
 0xa351f6d0: local[1]              = 0xa4ac00f8
 0xa351f6d4: local[0]              = 0xa4ac02d0
 0xa351f6d8: istate->_thread       = 0x0049bbf8
 0xa351f6dc: istate->_bcp          = 0xb0c5bca7 (bci 47)
 0xa351f6e0: istate->_locals       = 0xa351f72c
 0xa351f6e4: istate->_constants    = 0xb0c5c298
 0xa351f6e8: istate->_method       = java.awt.event.InvocationEvent.dispatch()V
 0xa351f6ec: istate->_mdx          = 0x00000000
 0xa351f6f0: istate->_stack        = 0xa351f6d0
 0xa351f6f4: istate->_msg          = 0x00000000
 0xa351f6f8: istate->_result       = 0x00000000
 0xa351f6fc: (istate->_result)     = 0xb45b7140
 0xa351f700: (istate->_result)     = 0x00000000
 0xa351f704: istate->_prev_link    = 0xa351f6c8
 0xa351f708: istate->_oop_temp     = 0x00000000
 0xa351f70c: istate->_stack_base   = 0xa351f6d8
 0xa351f710: istate->_stack_limit  = 0xa351f6cc
 0xa351f714: istate->_monitor_base = 0xa351f6d8
 0xa351f718: istate->_self_link    = 0xa351f6d8
 0xa351f71c: frame_type            = INTERPRETER_FRAME
 0xa351f720: next_frame            = 0xa351f778

 0xa351f724: local[2]              = 0x00000000
 0xa351f728: local[1]              = 0x00000000
 0xa351f72c: local[0]              = 0xa4ac02e0
 0xa351f730: istate->_thread       = 0x0049bbf8
 0xa351f734: istate->_bcp          = 0xb0a645ad (bci 21)
 0xa351f738: istate->_locals       = 0xa351f784
 0xa351f73c: istate->_constants    = 0xb0a660e0
 0xa351f740: istate->_method       = java.awt.EventQueue.dispatchEventImpl(Ljava/awt/AWTEvent;Ljava/lang/Object;)V
 0xa351f744: istate->_mdx          = 0x00000000
 0xa351f748: istate->_stack        = 0xa351f728
 0xa351f74c: istate->_msg          = 0x00000000
 0xa351f750: istate->_result       = 0x00000000
 0xa351f754: (istate->_result)     = 0xb45b7140
 0xa351f758: (istate->_result)     = 0x00000000
 0xa351f75c: istate->_prev_link    = 0x00000000
 0xa351f760: istate->_oop_temp     = 0x00000000
 0xa351f764: istate->_stack_base   = 0xa351f730
 0xa351f768: istate->_stack_limit  = 0xa351f720
 0xa351f76c: istate->_monitor_base = 0xa351f730
 0xa351f770: istate->_self_link    = 0xa351f730
 0xa351f774: frame_type            = INTERPRETER_FRAME
 0xa351f778: next_frame            = 0xa351f7d0

 0xa351f77c: local[2]              = 0xa88097d8
 0xa351f780: local[1]              = 0xa4ac02e0
 0xa351f784: local[0]              = 0xa87e9a00
 0xa351f788: istate->_thread       = 0x0049bbf8
 0xa351f78c: istate->_bcp          = 0xb0a65acb (bci 3)
 0xa351f790: istate->_locals       = 0xa351f7dc
 0xa351f794: istate->_constants    = 0xb0a660e0
 0xa351f798: istate->_method       = java.awt.EventQueue.access$300(Ljava/awt/EventQueue;Ljava/awt/AWTEvent;Ljava/lang/Object;)V
 0xa351f79c: istate->_mdx          = 0x00000000
 0xa351f7a0: istate->_stack        = 0xa351f778
 0xa351f7a4: istate->_msg          = 0x00000000
 0xa351f7a8: istate->_result       = 0x00000000
 0xa351f7ac: (istate->_result)     = 0xb45b7140
 0xa351f7b0: (istate->_result)     = 0x00000000
 0xa351f7b4: istate->_prev_link    = 0x00000000
 0xa351f7b8: istate->_oop_temp     = 0x00000000
 0xa351f7bc: istate->_stack_base   = 0xa351f788
 0xa351f7c0: istate->_stack_limit  = 0xa351f778
 0xa351f7c4: istate->_monitor_base = 0xa351f788
 0xa351f7c8: istate->_self_link    = 0xa351f788
 0xa351f7cc: frame_type            = INTERPRETER_FRAME
 0xa351f7d0: next_frame            = 0xa351f828

 0xa351f7d4: local[2]              = 0xa88097d8
 0xa351f7d8: local[1]              = 0xa4ac02e0
 0xa351f7dc: local[0]              = 0xa87e9a00
 0xa351f7e0: istate->_thread       = 0x0049bbf8
 0xa351f7e4: istate->_bcp          = 0xb0c67304 (bci 12)
 0xa351f7e8: istate->_locals       = 0xa351f82c
 0xa351f7ec: istate->_constants    = 0xb0c675f0
 0xa351f7f0: istate->_method       = java.awt.EventQueue$2.run()Ljava/lang/Void;
 0xa351f7f4: istate->_mdx          = 0x00000000
 0xa351f7f8: istate->_stack        = 0xa351f7d0
 0xa351f7fc: istate->_msg          = 0x00000000
 0xa351f800: istate->_result       = 0x00000000
 0xa351f804: (istate->_result)     = 0xb45b7140
 0xa351f808: (istate->_result)     = 0xa351f7cc
 0xa351f80c: istate->_prev_link    = 0xa351f7d0
 0xa351f810: istate->_oop_temp     = 0x00000000
 0xa351f814: istate->_stack_base   = 0xa351f7e0
 0xa351f818: istate->_stack_limit  = 0xa351f7d0
 0xa351f81c: istate->_monitor_base = 0xa351f7e0
 0xa351f820: istate->_self_link    = 0xa351f7e0
 0xa351f824: frame_type            = INTERPRETER_FRAME
 0xa351f828: next_frame            = 0xa351f878

 0xa351f82c: local[0]              = 0xa4ac0080
 0xa351f830: istate->_thread       = 0x0049bbf8
 0xa351f834: istate->_bcp          = 0xb0c673a1 (bci 1)
 0xa351f838: istate->_locals       = 0xa351f87c
 0xa351f83c: istate->_constants    = 0xb0c675f0
 0xa351f840: istate->_method       = java.awt.EventQueue$2.run()Ljava/lang/Object;
 0xa351f844: istate->_mdx          = 0xb45b7140
 0xa351f848: istate->_stack        = 0xa351f828
 0xa351f84c: istate->_msg          = 0x00000000
 0xa351f850: istate->_result       = 0x00000000
 0xa351f854: (istate->_result)     = 0xb45b7140
 0xa351f858: (istate->_result)     = 0xa351f814
 0xa351f85c: istate->_prev_link    = 0xb05b4550
 0xa351f860: istate->_oop_temp     = 0x00000000
 0xa351f864: istate->_stack_base   = 0xa351f830
 0xa351f868: istate->_stack_limit  = 0xa351f828
 0xa351f86c: istate->_monitor_base = 0xa351f830
 0xa351f870: istate->_self_link    = 0xa351f830
 0xa351f874: frame_type            = INTERPRETER_FRAME
 0xa351f878: next_frame            = 0xa351f888

 0xa351f87c: local[0]              = 0xa4ac0080
 0xa351f880: call_wrapper          = 0xa3462be8
 0xa351f884: frame_type            = ENTRY_FRAME
 0xa351f888: next_frame            = 0xa351f8d4

 0xa351f88c: istate->_thread       = 0x0049bbf8
 0xa351f890: istate->_bcp          = 0x00000000
 0xa351f894: istate->_locals       = 0xa351f8dc
 0xa351f898: istate->_constants    = 0xb05b45c8
 0xa351f89c: istate->_method       = java.security.AccessController.doPrivileged(Ljava/security/PrivilegedAction;Ljava/security/AccessControlContext;)Ljava/lang/Object;
 0xa351f8a0: istate->_mdx          = 0xa351f850
 0xa351f8a4: istate->_stack        = 0xa351f868
 0xa351f8a8: istate->_msg          = 0x00000000
 0xa351f8ac: istate->_result       = 0x00000002
 0xa351f8b0: (istate->_result)     = 0xa351f928
 0xa351f8b4: (istate->_result)     = 0x00000000
 0xa351f8b8: istate->_prev_link    = 0x00000000
 0xa351f8bc: istate->_oop_temp     = 0xb05b4550
 0xa351f8c0: istate->_stack_base   = 0xa351f88c
 0xa351f8c4: istate->_stack_limit  = 0xa351f888
 0xa351f8c8: istate->_monitor_base = 0xa351f88c
 0xa351f8cc: istate->_self_link    = 0xa351f88c
 0xa351f8d0: frame_type            = INTERPRETER_FRAME
 0xa351f8d4: next_frame            = 0xa351f928

 0xa351f8d8: local[1]              = 0xa4ac0098
 0xa351f8dc: local[0]              = 0xa4ac0080
 0xa351f8e0: istate->_thread       = 0x0049bbf8
 0xa351f8e4: istate->_bcp          = 0xb05b5264 (bci 28)
 0xa351f8e8: istate->_locals       = 0xa351f938
 0xa351f8ec: istate->_constants    = 0xb05b55a0
 0xa351f8f0: istate->_method       = java.security.AccessControlContext$1.doIntersectionPrivilege(Ljava/security/PrivilegedAction;Ljava/security/AccessControlContext;Ljava/security/AccessControlContext;)Ljava/lang/Object;
 0xa351f8f4: istate->_mdx          = 0xa351f938
 0xa351f8f8: istate->_stack        = 0xa351f8d4
 0xa351f8fc: istate->_msg          = 0x00000000
 0xa351f900: istate->_result       = 0xb45b7140
 0xa351f904: (istate->_result)     = 0xb45b7174
 0xa351f908: (istate->_result)     = 0x00000000
 0xa351f90c: istate->_prev_link    = 0x00000000
 0xa351f910: istate->_oop_temp     = 0x00000000
 0xa351f914: istate->_stack_base   = 0xa351f8e0
 0xa351f918: istate->_stack_limit  = 0xa351f8c8
 0xa351f91c: istate->_monitor_base = 0xa351f8e0
 0xa351f920: istate->_self_link    = 0xa351f8e0
 0xa351f924: frame_type            = INTERPRETER_FRAME
 0xa351f928: next_frame            = 0xa351f984

 0xa351f92c: local[3]              = 0xa4ac0098
 0xa351f930: local[2]              = 0xa4ac0318
 0xa351f934: local[1]              = 0xa4ac0080
 0xa351f938: local[0]              = 0xa8809830
 0xa351f93c: istate->_thread       = 0x0049bbf8
 0xa351f940: istate->_bcp          = 0xb0a643c6 (bci 46)
 0xa351f944: istate->_locals       = 0xa351f9a0
 0xa351f948: istate->_constants    = 0xb0a660e0
 0xa351f94c: istate->_method       = java.awt.EventQueue.dispatchEvent(Ljava/awt/AWTEvent;)V
 0xa351f950: istate->_mdx          = 0x0049bbf8
 0xa351f954: istate->_stack        = 0xa351f928
 0xa351f958: istate->_msg          = 0x00000000
 0xa351f95c: istate->_result       = 0xb07bf760
 0xa351f960: (istate->_result)     = 0xb45b7140
 0xa351f964: (istate->_result)     = 0x00000000
 0xa351f968: istate->_prev_link    = 0xa351f948
 0xa351f96c: istate->_oop_temp     = 0x00000000
 0xa351f970: istate->_stack_base   = 0xa351f93c
 0xa351f974: istate->_stack_limit  = 0xa351f920
 0xa351f978: istate->_monitor_base = 0xa351f93c
 0xa351f97c: istate->_self_link    = 0xa351f93c
 0xa351f980: frame_type            = INTERPRETER_FRAME
 0xa351f984: next_frame            = 0xa351f9f4

 0xa351f988: local[6]              = 0xa4ac0098
 0xa351f98c: local[5]              = 0x00000000
 0xa351f990: local[4]              = 0xa4ac0318
 0xa351f994: local[3]              = 0xa4ac0080
 0xa351f998: local[2]              = 0xa88097d8
 0xa351f99c: local[1]              = 0xa4ac02e0
 0xa351f9a0: local[0]              = 0xa87e9a00
 0xa351f9a4: monitor[0]->_lock     = 0x00000001
 0xa351f9a8: monitor[0]->_obj      = 0x00000000
 0xa351f9ac: istate->_thread       = 0x0049bbf8
 0xa351f9b0: istate->_bcp          = 0xb0c606a0 (bci 192)
 0xa351f9b4: istate->_locals       = 0xa351fa18
 0xa351f9b8: istate->_constants    = 0xb0c61048
 0xa351f9bc: istate->_method       = java.awt.EventDispatchThread.pumpOneEventForFilters(I)Z
 0xa351f9c0: istate->_mdx          = 0xa351fa14
 0xa351f9c4: istate->_stack        = 0xa351f998
 0xa351f9c8: istate->_msg          = 0x00000000
 0xa351f9cc: istate->_result       = 0x0049bbf8
 0xa351f9d0: (istate->_result)     = 0xb45b7140
 0xa351f9d4: (istate->_result)     = 0xa351fa18
 0xa351f9d8: istate->_prev_link    = 0xb05a4e68
 0xa351f9dc: istate->_oop_temp     = 0x00000000
 0xa351f9e0: istate->_stack_base   = 0xa351f9a4
 0xa351f9e4: istate->_stack_limit  = 0xa351f990
 0xa351f9e8: istate->_monitor_base = 0xa351f9ac
 0xa351f9ec: istate->_self_link    = 0xa351f9ac
 0xa351f9f0: frame_type            = INTERPRETER_FRAME
 0xa351f9f4: next_frame            = 0xa351fa64

 0xa351f9f8: local[8]              = 0x00000000
 0xa351f9fc: local[7]              = 0xa4999640
 0xa351fa00: local[6]              = 0xa4999630
 0xa351fa04: local[5]              = 0xffffffff
 0xa351fa08: local[4]              = 0xa4ac0330
 0xa351fa0c: local[3]              = 0x00000001
 0xa351fa10: local[2]              = 0xa4ac02e0
 0xa351fa14: local[1]              = 0xffffffff
 0xa351fa18: local[0]              = 0xa4ac0000
 0xa351fa1c: istate->_thread       = 0x0049bbf8
 0xa351fa20: istate->_bcp          = 0xb0c601fe (bci 30)
 0xa351fa24: istate->_locals       = 0xa351fa74
 0xa351fa28: istate->_constants    = 0xb0c61048
 0xa351fa2c: istate->_method       = java.awt.EventDispatchThread.pumpEventsForFilter(ILjava/awt/Conditional;Ljava/awt/EventFilter;)V
 0xa351fa30: istate->_mdx          = 0x00000000
 0xa351fa34: istate->_stack        = 0xa351fa10
 0xa351fa38: istate->_msg          = 0x00000000
 0xa351fa3c: istate->_result       = 0xb0522fd8
 0xa351fa40: (istate->_result)     = 0xb45b7140
 0xa351fa44: (istate->_result)     = 0x00000000
 0xa351fa48: istate->_prev_link    = 0xa351fa14
 0xa351fa4c: istate->_oop_temp     = 0x00000000
 0xa351fa50: istate->_stack_base   = 0xa351fa1c
 0xa351fa54: istate->_stack_limit  = 0xa351fa10
 0xa351fa58: istate->_monitor_base = 0xa351fa1c
 0xa351fa5c: istate->_self_link    = 0xa351fa1c
 0xa351fa60: frame_type            = INTERPRETER_FRAME
 0xa351fa64: next_frame            = 0xa351fac0

 0xa351fa68: local[3]              = 0xa4ac0358
 0xa351fa6c: local[2]              = 0xa4ac0348
 0xa351fa70: local[1]              = 0xffffffff
 0xa351fa74: local[0]              = 0xa4ac0000
 0xa351fa78: istate->_thread       = 0x0049bbf8
 0xa351fa7c: istate->_bcp          = 0xb0c6006b (bci 11)
 0xa351fa80: istate->_locals       = 0xa351fad0
 0xa351fa84: istate->_constants    = 0xb0c61048
 0xa351fa88: istate->_method       = java.awt.EventDispatchThread.pumpEventsForHierarchy(ILjava/awt/Conditional;Ljava/awt/Component;)V
 0xa351fa8c: istate->_mdx          = 0x00000000
 0xa351fa90: istate->_stack        = 0xa351fa64
 0xa351fa94: istate->_msg          = 0x00000000
 0xa351fa98: istate->_result       = 0x00000000
 0xa351fa9c: (istate->_result)     = 0xb45b7140
 0xa351faa0: (istate->_result)     = 0x00000000
 0xa351faa4: istate->_prev_link    = 0x00000000
 0xa351faa8: istate->_oop_temp     = 0x00000000
 0xa351faac: istate->_stack_base   = 0xa351fa78
 0xa351fab0: istate->_stack_limit  = 0xa351fa5c
 0xa351fab4: istate->_monitor_base = 0xa351fa78
 0xa351fab8: istate->_self_link    = 0xa351fa78
 0xa351fabc: frame_type            = INTERPRETER_FRAME
 0xa351fac0: next_frame            = 0xa351fb1c

 0xa351fac4: local[3]              = 0x00000000
 0xa351fac8: local[2]              = 0xa4ac0348
 0xa351facc: local[1]              = 0xffffffff
 0xa351fad0: local[0]              = 0xa4ac0000
 0xa351fad4: istate->_thread       = 0x0049bbf8
 0xa351fad8: istate->_bcp          = 0xb0c5ffac (bci 4)
 0xa351fadc: istate->_locals       = 0xa351fb28
 0xa351fae0: istate->_constants    = 0xb0c61048
 0xa351fae4: istate->_method       = java.awt.EventDispatchThread.pumpEvents(ILjava/awt/Conditional;)V
 0xa351fae8: istate->_mdx          = 0x00000000
 0xa351faec: istate->_stack        = 0xa351fac0
 0xa351faf0: istate->_msg          = 0x00000000
 0xa351faf4: istate->_result       = 0x00000000
 0xa351faf8: (istate->_result)     = 0xb45b7140
 0xa351fafc: (istate->_result)     = 0x00000000
 0xa351fb00: istate->_prev_link    = 0x00000000
 0xa351fb04: istate->_oop_temp     = 0x00000000
 0xa351fb08: istate->_stack_base   = 0xa351fad4
 0xa351fb0c: istate->_stack_limit  = 0xa351fac0
 0xa351fb10: istate->_monitor_base = 0xa351fad4
 0xa351fb14: istate->_self_link    = 0xa351fad4
 0xa351fb18: frame_type            = INTERPRETER_FRAME
 0xa351fb1c: next_frame            = 0xa351fb74

 0xa351fb20: local[2]              = 0xa4ac0348
 0xa351fb24: local[1]              = 0xffffffff
 0xa351fb28: local[0]              = 0xa4ac0000
 0xa351fb2c: istate->_thread       = 0x0049bbf8
 0xa351fb30: istate->_bcp          = 0xb0c5fe4b (bci 3)
 0xa351fb34: istate->_locals       = 0xa351fb7c
 0xa351fb38: istate->_constants    = 0xb0c61048
 0xa351fb3c: istate->_method       = java.awt.EventDispatchThread.pumpEvents(Ljava/awt/Conditional;)V
 0xa351fb40: istate->_mdx          = 0x00000000
 0xa351fb44: istate->_stack        = 0xa351fb1c
 0xa351fb48: istate->_msg          = 0x00000000
 0xa351fb4c: istate->_result       = 0x00000000
 0xa351fb50: (istate->_result)     = 0xb45b7140
 0xa351fb54: (istate->_result)     = 0x00000000
 0xa351fb58: istate->_prev_link    = 0xa351fb24
 0xa351fb5c: istate->_oop_temp     = 0x00000000
 0xa351fb60: istate->_stack_base   = 0xa351fb2c
 0xa351fb64: istate->_stack_limit  = 0xa351fb1c
 0xa351fb68: istate->_monitor_base = 0xa351fb2c
 0xa351fb6c: istate->_self_link    = 0xa351fb2c
 0xa351fb70: frame_type            = INTERPRETER_FRAME
 0xa351fb74: next_frame            = 0xa351fbc8

 0xa351fb78: local[1]              = 0xa4ac0348
 0xa351fb7c: local[0]              = 0xa4ac0000
 0xa351fb80: istate->_thread       = 0x0049bbf8
 0xa351fb84: istate->_bcp          = 0xb0c5fd09 (bci 9)
 0xa351fb88: istate->_locals       = 0xa351fbe0
 0xa351fb8c: istate->_constants    = 0xb0c61048
 0xa351fb90: istate->_method       = java.awt.EventDispatchThread.run()V
 0xa351fb94: istate->_mdx          = 0xb6b5cf04
 0xa351fb98: istate->_stack        = 0xa351fb74
 0xa351fb9c: istate->_msg          = 0x00000000
 0xa351fba0: istate->_result       = 0x00000098
 0xa351fba4: (istate->_result)     = 0xb45b7140
 0xa351fba8: (istate->_result)     = 0x004aefa8
 0xa351fbac: istate->_prev_link    = 0x004aef98
 0xa351fbb0: istate->_oop_temp     = 0x00000000
 0xa351fbb4: istate->_stack_base   = 0xa351fb80
 0xa351fbb8: istate->_stack_limit  = 0xa351fb6c
 0xa351fbbc: istate->_monitor_base = 0xa351fb80
 0xa351fbc0: istate->_self_link    = 0xa351fb80
 0xa351fbc4: frame_type            = INTERPRETER_FRAME
 0xa351fbc8: next_frame            = 0xa351fbec

 0xa351fbcc: local[5]              = 0x00000000
 0xa351fbd0: local[4]              = 0x00000000
 0xa351fbd4: local[3]              = 0x00000000
 0xa351fbd8: local[2]              = 0x00000000
 0xa351fbdc: local[1]              = 0x00000000
 0xa351fbe0: local[0]              = 0xa4ac0000
 0xa351fbe4: call_wrapper          = 0xa351fc48
 0xa351fbe8: frame_type            = ENTRY_FRAME
 0xa351fbec: next_frame            = 0x00000000


---------------  P R O C E S S  ---------------

Java Threads: ( => current thread )
=>0x0049bbf8 JavaThread "AWT-EventQueue-0" [_thread_in_Java, id=11549, stack(0xa33a1000,0xa3521000)]
  0x0049c7d0 JavaThread "AWT-Shutdown" [_thread_blocked, id=11548, stack(0xa3521000,0xa36a1000)]
  0x00491e00 JavaThread "AWT-XAWT" daemon [_thread_in_native, id=11547, stack(0xa36a1000,0xa3821000)]
  0x004188a8 JavaThread "Java2D Disposer" daemon [_thread_blocked, id=11546, stack(0xa38a5000,0xa3a25000)]
  0x003c00a8 JavaThread "Low Memory Detector" daemon [_thread_blocked, id=11544, stack(0xa3e09000,0xa3f89000)]
  0x003bd6e0 JavaThread "Signal Dispatcher" daemon [_thread_blocked, id=11543, stack(0xa3f89000,0xa4109000)]
  0x003abd88 JavaThread "Finalizer" daemon [_thread_blocked, id=11542, stack(0xa42fb000,0xa447b000)]
  0x003aa9a8 JavaThread "Reference Handler" daemon [_thread_blocked, id=11541, stack(0xa447b000,0xa45fb000)]
  0x003555f0 JavaThread "main" [_thread_in_vm, id=11539, stack(0xb6667000,0xb67e6000)]

Other Threads:
  0x003a7a20 VMThread [stack: 0xa45fc000,0xa467b000] [id=11540]
  0x003c1d90 WatcherThread [stack: 0xa3d8a000,0xa3e09000] [id=11545]

VM state:not at safepoint (normal execution)

VM Mutex/Monitor currently owned by a thread: None

Heap
 def new generation   total 1792K, used 640K [0xa4920000, 0xa4b00000, 0xa87c0000)
  eden space 1664K,  30% used [0xa4920000, 0xa49a01e8, 0xa4ac0000)
  from space 128K, 100% used [0xa4ac0000, 0xa4ae0000, 0xa4ae0000)
  to   space 128K,   0% used [0xa4ae0000, 0xa4ae0000, 0xa4b00000)
 tenured generation   total 4096K, used 1202K [0xa87c0000, 0xa8bc0000, 0xb0520000)
   the space 4096K,  29% used [0xa87c0000, 0xa88ecbd0, 0xa88ecc00, 0xa8bc0000)
 compacting perm gen  total 7680K, used 7495K [0xb0520000, 0xb0ca0000, 0xb4520000)
   the space 7680K,  97% used [0xb0520000, 0xb0c71ee8, 0xb0c72000, 0xb0ca0000)
No shared spaces configured.

Code Cache  [0xb45b7000, 0xb45df000, 0xb65b7000)
 total_blobs=170 nmethods=0 adapters=156 free_code_cache=33476992 largest_free_block=0

Dynamic libraries:
00008000-00012000 r-xp 00000000 b3:02 136070     /usr/lib/jvm/java-6-openjdk-armhf/jre/bin/java
00019000-0001a000 rw-p 00009000 b3:02 136070     /usr/lib/jvm/java-6-openjdk-armhf/jre/bin/java
00350000-004da000 rw-p 00000000 00:00 0          [heap]
a33a1000-a33a4000 ---p 00000000 00:00 0 
a33a4000-a3521000 rw-p 00000000 00:00 0          [stack:11549]
a3521000-a3524000 ---p 00000000 00:00 0 
a3524000-a36a1000 rw-p 00000000 00:00 0          [stack:11548]
a36a1000-a36a4000 ---p 00000000 00:00 0 
a36a4000-a3821000 rw-p 00000000 00:00 0          [stack:11547]
a3821000-a3828000 r--s 00000000 b3:02 46278      /var/cache/fontconfig/945677eb7aeaf62f1d50efc3fb3ec7d8-le32d8.cache-3
a3828000-a3830000 r--s 00000000 b3:02 77         /var/cache/fontconfig/6d41288fd70b0be22e8c3a91e032eec0-le32d8.cache-3
a3830000-a3840000 r--s 00000000 b3:02 46276      /var/cache/fontconfig/d52a8644073d54c13679302ca1180695-le32d8.cache-3
a3840000-a3846000 r--s 00000000 b3:02 33112      /var/cache/fontconfig/3f7329c5293ffd510edef78f73874cfd-le32d8.cache-3
a3850000-a3857000 r--s 00000000 b3:02 46278      /var/cache/fontconfig/945677eb7aeaf62f1d50efc3fb3ec7d8-le32d8.cache-3
a3857000-a385f000 r--s 00000000 b3:02 77         /var/cache/fontconfig/6d41288fd70b0be22e8c3a91e032eec0-le32d8.cache-3
a3861000-a3865000 r-xp 00000000 b3:02 32242      /usr/lib/arm-linux-gnueabihf/libXfixes.so.3.1.0
a3865000-a386c000 ---p 00004000 b3:02 32242      /usr/lib/arm-linux-gnueabihf/libXfixes.so.3.1.0
a386c000-a386d000 r--p 00003000 b3:02 32242      /usr/lib/arm-linux-gnueabihf/libXfixes.so.3.1.0
a386d000-a386e000 rw-p 00004000 b3:02 32242      /usr/lib/arm-linux-gnueabihf/libXfixes.so.3.1.0
a386e000-a3876000 r-xp 00000000 b3:02 32265      /usr/lib/arm-linux-gnueabihf/libXcursor.so.1.0.2
a3876000-a387d000 ---p 00008000 b3:02 32265      /usr/lib/arm-linux-gnueabihf/libXcursor.so.1.0.2
a387d000-a387e000 rw-p 00007000 b3:02 32265      /usr/lib/arm-linux-gnueabihf/libXcursor.so.1.0.2
a388f000-a3895000 r--s 000fc000 b3:02 135892     /usr/lib/jvm/java-6-openjdk-common/jre/lib/resources.jar
a3895000-a38a5000 r--s 00000000 b3:02 46276      /var/cache/fontconfig/d52a8644073d54c13679302ca1180695-le32d8.cache-3
a38a5000-a38a8000 ---p 00000000 00:00 0 
a38a8000-a3a25000 rw-p 00000000 00:00 0          [stack:11546]
a3a25000-a3a9b000 r-xp 00000000 b3:02 31011      /usr/lib/arm-linux-gnueabihf/libfreetype.so.6.8.1
a3a9b000-a3aa3000 ---p 00076000 b3:02 31011      /usr/lib/arm-linux-gnueabihf/libfreetype.so.6.8.1
a3aa3000-a3aa6000 r--p 00076000 b3:02 31011      /usr/lib/arm-linux-gnueabihf/libfreetype.so.6.8.1
a3aa6000-a3aa7000 rw-p 00079000 b3:02 31011      /usr/lib/arm-linux-gnueabihf/libfreetype.so.6.8.1
a3aa7000-a3ae1000 r-xp 00000000 b3:02 136050     /usr/lib/jvm/java-6-openjdk-armhf/jre/lib/arm/libfontmanager.so
a3ae1000-a3ae9000 ---p 0003a000 b3:02 136050     /usr/lib/jvm/java-6-openjdk-armhf/jre/lib/arm/libfontmanager.so
a3ae9000-a3aeb000 rw-p 0003a000 b3:02 136050     /usr/lib/jvm/java-6-openjdk-armhf/jre/lib/arm/libfontmanager.so
a3aeb000-a3aef000 r-xp 00000000 b3:02 16377      /usr/lib/arm-linux-gnueabihf/libXdmcp.so.6.0.0
a3aef000-a3af6000 ---p 00004000 b3:02 16377      /usr/lib/arm-linux-gnueabihf/libXdmcp.so.6.0.0
a3af6000-a3af7000 rw-p 00003000 b3:02 16377      /usr/lib/arm-linux-gnueabihf/libXdmcp.so.6.0.0
a3af7000-a3af9000 r-xp 00000000 b3:02 16363      /usr/lib/arm-linux-gnueabihf/libXau.so.6.0.0
a3af9000-a3b00000 ---p 00002000 b3:02 16363      /usr/lib/arm-linux-gnueabihf/libXau.so.6.0.0
a3b00000-a3b01000 rw-p 00001000 b3:02 16363      /usr/lib/arm-linux-gnueabihf/libXau.so.6.0.0
a3b01000-a3b17000 r-xp 00000000 b3:02 8372       /usr/lib/arm-linux-gnueabihf/libxcb.so.1.1.0
a3b17000-a3b1e000 ---p 00016000 b3:02 8372       /usr/lib/arm-linux-gnueabihf/libxcb.so.1.1.0
a3b1e000-a3b1f000 r--p 00015000 b3:02 8372       /usr/lib/arm-linux-gnueabihf/libxcb.so.1.1.0
a3b1f000-a3b20000 rw-p 00016000 b3:02 8372       /usr/lib/arm-linux-gnueabihf/libxcb.so.1.1.0
a3b20000-a3b2c000 r-xp 00000000 b3:02 8393       /usr/lib/arm-linux-gnueabihf/libXi.so.6.1.0
a3b2c000-a3b33000 ---p 0000c000 b3:02 8393       /usr/lib/arm-linux-gnueabihf/libXi.so.6.1.0
a3b33000-a3b34000 rw-p 0000b000 b3:02 8393       /usr/lib/arm-linux-gnueabihf/libXi.so.6.1.0
a3b34000-a3b38000 r-xp 00000000 b3:02 8444       /usr/lib/arm-linux-gnueabihf/libXtst.so.6.1.0
a3b38000-a3b3f000 ---p 00004000 b3:02 8444       /usr/lib/arm-linux-gnueabihf/libXtst.so.6.1.0
a3b3f000-a3b40000 rw-p 00003000 b3:02 8444       /usr/lib/arm-linux-gnueabihf/libXtst.so.6.1.0
a3b40000-a3b48000 r-xp 00000000 b3:02 32746      /usr/lib/arm-linux-gnueabihf/libXrender.so.1.3.0
a3b48000-a3b4f000 ---p 00008000 b3:02 32746      /usr/lib/arm-linux-gnueabihf/libXrender.so.1.3.0
a3b4f000-a3b50000 rw-p 00007000 b3:02 32746      /usr/lib/arm-linux-gnueabihf/libXrender.so.1.3.0
a3b50000-a3c59000 r-xp 00000000 b3:02 15482      /usr/lib/arm-linux-gnueabihf/libX11.so.6.3.0
a3c59000-a3c60000 ---p 00109000 b3:02 15482      /usr/lib/arm-linux-gnueabihf/libX11.so.6.3.0
a3c60000-a3c64000 rw-p 00108000 b3:02 15482      /usr/lib/arm-linux-gnueabihf/libX11.so.6.3.0
a3c64000-a3c71000 r-xp 00000000 b3:02 68320      /usr/lib/arm-linux-gnueabihf/libXext.so.6.4.0
a3c71000-a3c79000 ---p 0000d000 b3:02 68320      /usr/lib/arm-linux-gnueabihf/libXext.so.6.4.0
a3c79000-a3c7a000 rw-p 0000d000 b3:02 68320      /usr/lib/arm-linux-gnueabihf/libXext.so.6.4.0
a3c7e000-a3c84000 r--s 00000000 b3:02 33112      /var/cache/fontconfig/3f7329c5293ffd510edef78f73874cfd-le32d8.cache-3
a3c84000-a3c8b000 r--s 00000000 b3:02 49673      /var/cache/fontconfig/e13b20fdb08344e0e664864cc2ede53d-le32d8.cache-3
a3c8b000-a3ccb000 r-xp 00000000 b3:02 132280     /usr/lib/jvm/java-6-openjdk-armhf/jre/lib/arm/xawt/libmawt.so
a3ccb000-a3ccd000 rw-p 00040000 b3:02 132280     /usr/lib/jvm/java-6-openjdk-armhf/jre/lib/arm/xawt/libmawt.so
a3ccd000-a3cce000 rw-p 00000000 00:00 0 
a3cce000-a3d57000 r-xp 00000000 b3:02 136032     /usr/lib/jvm/java-6-openjdk-armhf/jre/lib/arm/libawt.so
a3d57000-a3d5e000 ---p 00089000 b3:02 136032     /usr/lib/jvm/java-6-openjdk-armhf/jre/lib/arm/libawt.so
a3d5e000-a3d65000 rw-p 00088000 b3:02 136032     /usr/lib/jvm/java-6-openjdk-armhf/jre/lib/arm/libawt.so
a3d65000-a3d89000 rw-p 00000000 00:00 0 
a3d89000-a3d8a000 ---p 00000000 00:00 0 
a3d8a000-a3e09000 rw-p 00000000 00:00 0          [stack:11545]
a3e09000-a3e0c000 ---p 00000000 00:00 0 
a3e0c000-a3f89000 rw-p 00000000 00:00 0          [stack:11544]
a3f89000-a3f8c000 ---p 00000000 00:00 0 
a3f8c000-a4109000 rw-p 00000000 00:00 0          [stack:11543]
a4109000-a42fb000 r--p 00000000 b3:02 17205      /usr/lib/locale/locale-archive
a42fb000-a42fe000 ---p 00000000 00:00 0 
a42fe000-a447b000 rw-p 00000000 00:00 0          [stack:11542]
a447b000-a447e000 ---p 00000000 00:00 0 
a447e000-a45fb000 rw-p 00000000 00:00 0          [stack:11541]
a45fb000-a45fc000 ---p 00000000 00:00 0 
a45fc000-a46ae000 rw-p 00000000 00:00 0          [stack:11540]
a46ae000-a4841000 r--s 037db000 b3:02 136014     /usr/lib/jvm/java-6-openjdk-armhf/jre/lib/rt.jar
a4841000-a4845000 rw-p 00000000 00:00 0 
a4845000-a4862000 rw-p 00000000 00:00 0 
a4862000-a4865000 rw-p 00000000 00:00 0 
a4865000-a48a1000 rw-p 00000000 00:00 0 
a48a1000-a48a2000 rw-p 00000000 00:00 0 
a48a2000-a48c0000 rw-p 00000000 00:00 0 
a48c0000-a48c3000 rw-p 00000000 00:00 0 
a48c3000-a48ff000 rw-p 00000000 00:00 0 
a48ff000-a4903000 rw-p 00000000 00:00 0 
a4903000-a491f000 rw-p 00000000 00:00 0 
a491f000-a4b00000 rw-p 00000000 00:00 0 
a4b00000-a87c0000 rw-p 00000000 00:00 0 
a87c0000-a8bc0000 rw-p 00000000 00:00 0 
a8bc0000-b0520000 rw-p 00000000 00:00 0 
b0520000-b0ca0000 rw-p 00000000 00:00 0 
b0ca0000-b4520000 rw-p 00000000 00:00 0 
b4521000-b4528000 r--s 00000000 b3:02 49673      /var/cache/fontconfig/e13b20fdb08344e0e664864cc2ede53d-le32d8.cache-3
b4528000-b452a000 r--s 0000f000 b3:02 134488     /home/pi/tecs/nand2tetris/tools/bin/lib/SimulatorsGUI.jar
b452a000-b452c000 r--s 00012000 b3:02 134487     /home/pi/tecs/nand2tetris/tools/bin/lib/Simulators.jar
b452c000-b452f000 r--s 00015000 b3:02 134486     /home/pi/tecs/nand2tetris/tools/bin/lib/HackGUI.jar
b452f000-b4532000 r--s 0000c000 b3:02 134485     /home/pi/tecs/nand2tetris/tools/bin/lib/Hack.jar
b4532000-b4535000 r--s 00039000 b3:02 135902     /usr/lib/jvm/java-6-openjdk-common/jre/lib/ext/sunpkcs11.jar
b4535000-b4537000 r--s 0000f000 b3:02 135905     /usr/lib/jvm/java-6-openjdk-common/jre/lib/ext/pulse-java.jar
b4537000-b4538000 rw-p 00000000 00:00 0 
b4538000-b45b7000 rw-p 00000000 00:00 0 
b45b7000-b45df000 rwxp 00000000 00:00 0 
b45df000-b65b7000 rw-p 00000000 00:00 0 
b65b7000-b65bd000 r-xp 00000000 b3:02 136028     /usr/lib/jvm/java-6-openjdk-armhf/jre/lib/arm/libzip.so
b65bd000-b65c4000 ---p 00006000 b3:02 136028     /usr/lib/jvm/java-6-openjdk-armhf/jre/lib/arm/libzip.so
b65c4000-b65c5000 rw-p 00005000 b3:02 136028     /usr/lib/jvm/java-6-openjdk-armhf/jre/lib/arm/libzip.so
b65c5000-b65cf000 r-xp 00000000 b3:02 9073       /lib/arm-linux-gnueabihf/libnss_files-2.13.so
b65cf000-b65d6000 ---p 0000a000 b3:02 9073       /lib/arm-linux-gnueabihf/libnss_files-2.13.so
b65d6000-b65d7000 r--p 00009000 b3:02 9073       /lib/arm-linux-gnueabihf/libnss_files-2.13.so
b65d7000-b65d8000 rw-p 0000a000 b3:02 9073       /lib/arm-linux-gnueabihf/libnss_files-2.13.so
b65d8000-b65e1000 r-xp 00000000 b3:02 9111       /lib/arm-linux-gnueabihf/libnss_nis-2.13.so
b65e1000-b65e8000 ---p 00009000 b3:02 9111       /lib/arm-linux-gnueabihf/libnss_nis-2.13.so
b65e8000-b65e9000 r--p 00008000 b3:02 9111       /lib/arm-linux-gnueabihf/libnss_nis-2.13.so
b65e9000-b65ea000 rw-p 00009000 b3:02 9111       /lib/arm-linux-gnueabihf/libnss_nis-2.13.so
b65ea000-b65f0000 r-xp 00000000 b3:02 9103       /lib/arm-linux-gnueabihf/libnss_compat-2.13.so
b65f0000-b65f7000 ---p 00006000 b3:02 9103       /lib/arm-linux-gnueabihf/libnss_compat-2.13.so
b65f7000-b65f8000 r--p 00005000 b3:02 9103       /lib/arm-linux-gnueabihf/libnss_compat-2.13.so
b65f8000-b65f9000 rw-p 00006000 b3:02 9103       /lib/arm-linux-gnueabihf/libnss_compat-2.13.so
b65f9000-b660a000 r-xp 00000000 b3:02 9099       /lib/arm-linux-gnueabihf/libnsl-2.13.so
b660a000-b6611000 ---p 00011000 b3:02 9099       /lib/arm-linux-gnueabihf/libnsl-2.13.so
b6611000-b6612000 r--p 00010000 b3:02 9099       /lib/arm-linux-gnueabihf/libnsl-2.13.so
b6612000-b6613000 rw-p 00011000 b3:02 9099       /lib/arm-linux-gnueabihf/libnsl-2.13.so
b6613000-b6615000 rw-p 00000000 00:00 0 
b6615000-b6639000 r-xp 00000000 b3:02 136033     /usr/lib/jvm/java-6-openjdk-armhf/jre/lib/arm/libjava.so
b6639000-b6641000 ---p 00024000 b3:02 136033     /usr/lib/jvm/java-6-openjdk-armhf/jre/lib/arm/libjava.so
b6641000-b6643000 rw-p 00024000 b3:02 136033     /usr/lib/jvm/java-6-openjdk-armhf/jre/lib/arm/libjava.so
b6643000-b664e000 r-xp 00000000 b3:02 136045     /usr/lib/jvm/java-6-openjdk-armhf/jre/lib/arm/libverify.so
b664e000-b6656000 ---p 0000b000 b3:02 136045     /usr/lib/jvm/java-6-openjdk-armhf/jre/lib/arm/libverify.so
b6656000-b6657000 rw-p 0000b000 b3:02 136045     /usr/lib/jvm/java-6-openjdk-armhf/jre/lib/arm/libverify.so
b6657000-b665d000 r-xp 00000000 b3:02 9065       /lib/arm-linux-gnueabihf/librt-2.13.so
b665d000-b6664000 ---p 00006000 b3:02 9065       /lib/arm-linux-gnueabihf/librt-2.13.so
b6664000-b6665000 r--p 00005000 b3:02 9065       /lib/arm-linux-gnueabihf/librt-2.13.so
b6665000-b6666000 rw-p 00006000 b3:02 9065       /lib/arm-linux-gnueabihf/librt-2.13.so
b6666000-b666a000 ---p 00000000 00:00 0 
b666a000-b67e6000 rw-p 00000000 00:00 0          [stack:11539]
b67e6000-b684e000 r-xp 00000000 b3:02 9109       /lib/arm-linux-gnueabihf/libm-2.13.so
b684e000-b6855000 ---p 00068000 b3:02 9109       /lib/arm-linux-gnueabihf/libm-2.13.so
b6855000-b6856000 r--p 00067000 b3:02 9109       /lib/arm-linux-gnueabihf/libm-2.13.so
b6856000-b6857000 rw-p 00068000 b3:02 9109       /lib/arm-linux-gnueabihf/libm-2.13.so
b6857000-b6911000 r-xp 00000000 b3:02 10832      /usr/lib/arm-linux-gnueabihf/libstdc++.so.6.0.17
b6911000-b6918000 ---p 000ba000 b3:02 10832      /usr/lib/arm-linux-gnueabihf/libstdc++.so.6.0.17
b6918000-b691c000 r--p 000b9000 b3:02 10832      /usr/lib/arm-linux-gnueabihf/libstdc++.so.6.0.17
b691c000-b691e000 rw-p 000bd000 b3:02 10832      /usr/lib/arm-linux-gnueabihf/libstdc++.so.6.0.17
b691e000-b6924000 rw-p 00000000 00:00 0 
b6924000-b6cae000 r-xp 00000000 b3:02 136047     /usr/lib/jvm/java-6-openjdk-armhf/jre/lib/arm/server/libjvm.so
b6cae000-b6cb6000 ---p 0038a000 b3:02 136047     /usr/lib/jvm/java-6-openjdk-armhf/jre/lib/arm/server/libjvm.so
b6cb6000-b6cd3000 rw-p 0038a000 b3:02 136047     /usr/lib/jvm/java-6-openjdk-armhf/jre/lib/arm/server/libjvm.so
b6cd3000-b6d2d000 rw-p 00000000 00:00 0 
b6d2d000-b6d4d000 r-xp 00000000 b3:02 1247       /lib/arm-linux-gnueabihf/libgcc_s.so.1
b6d4d000-b6d54000 ---p 00020000 b3:02 1247       /lib/arm-linux-gnueabihf/libgcc_s.so.1
b6d54000-b6d55000 rw-p 0001f000 b3:02 1247       /lib/arm-linux-gnueabihf/libgcc_s.so.1
b6d55000-b6e77000 r-xp 00000000 b3:02 9093       /lib/arm-linux-gnueabihf/libc-2.13.so
b6e77000-b6e7e000 ---p 00122000 b3:02 9093       /lib/arm-linux-gnueabihf/libc-2.13.so
b6e7e000-b6e80000 r--p 00121000 b3:02 9093       /lib/arm-linux-gnueabihf/libc-2.13.so
b6e80000-b6e81000 rw-p 00123000 b3:02 9093       /lib/arm-linux-gnueabihf/libc-2.13.so
b6e81000-b6e84000 rw-p 00000000 00:00 0 
b6e84000-b6e86000 r-xp 00000000 b3:02 9105       /lib/arm-linux-gnueabihf/libdl-2.13.so
b6e86000-b6e8d000 ---p 00002000 b3:02 9105       /lib/arm-linux-gnueabihf/libdl-2.13.so
b6e8d000-b6e8e000 r--p 00001000 b3:02 9105       /lib/arm-linux-gnueabihf/libdl-2.13.so
b6e8e000-b6e8f000 rw-p 00002000 b3:02 9105       /lib/arm-linux-gnueabihf/libdl-2.13.so
b6e8f000-b6e92000 r-xp 00000000 b3:02 136054     /usr/lib/jvm/java-6-openjdk-armhf/jre/lib/arm/jli/libjli.so
b6e92000-b6e99000 ---p 00003000 b3:02 136054     /usr/lib/jvm/java-6-openjdk-armhf/jre/lib/arm/jli/libjli.so
b6e99000-b6e9a000 rw-p 00002000 b3:02 136054     /usr/lib/jvm/java-6-openjdk-armhf/jre/lib/arm/jli/libjli.so
b6e9a000-b6eae000 r-xp 00000000 b3:02 9077       /lib/arm-linux-gnueabihf/libpthread-2.13.so
b6eae000-b6eb5000 ---p 00014000 b3:02 9077       /lib/arm-linux-gnueabihf/libpthread-2.13.so
b6eb5000-b6eb6000 r--p 00013000 b3:02 9077       /lib/arm-linux-gnueabihf/libpthread-2.13.so
b6eb6000-b6eb7000 rw-p 00014000 b3:02 9077       /lib/arm-linux-gnueabihf/libpthread-2.13.so
b6eb7000-b6eb9000 rw-p 00000000 00:00 0 
b6eb9000-b6ecd000 r-xp 00000000 b3:02 5150       /lib/arm-linux-gnueabihf/libz.so.1.2.7
b6ecd000-b6ed5000 ---p 00014000 b3:02 5150       /lib/arm-linux-gnueabihf/libz.so.1.2.7
b6ed5000-b6ed6000 r--p 00014000 b3:02 5150       /lib/arm-linux-gnueabihf/libz.so.1.2.7
b6ed6000-b6ed7000 rw-p 00015000 b3:02 5150       /lib/arm-linux-gnueabihf/libz.so.1.2.7
b6ed8000-b6ed9000 r--s 00007000 b3:02 6941       /usr/share/java/java-atk-wrapper.jar
b6ed9000-b6edc000 r--s 00077000 b3:02 135904     /usr/lib/jvm/java-6-openjdk-common/jre/lib/ext/localedata.jar
b6edc000-b6ee0000 r--s 00030000 b3:02 135907     /usr/lib/jvm/java-6-openjdk-common/jre/lib/ext/sunjce_provider.jar
b6ee0000-b6ee8000 rw-s 00000000 b3:02 398692     /tmp/hsperfdata_pi/11538
b6ee8000-b6eea000 r-xp 00000000 b3:02 17224      /usr/lib/arm-linux-gnueabihf/libcofi_rpi.so
b6eea000-b6ef1000 ---p 00002000 b3:02 17224      /usr/lib/arm-linux-gnueabihf/libcofi_rpi.so
b6ef1000-b6ef2000 rw-p 00001000 b3:02 17224      /usr/lib/arm-linux-gnueabihf/libcofi_rpi.so
b6ef2000-b6f0f000 r-xp 00000000 b3:02 9081       /lib/arm-linux-gnueabihf/ld-2.13.so
b6f0f000-b6f11000 r--s 00001000 b3:02 135903     /usr/lib/jvm/java-6-openjdk-common/jre/lib/ext/dnsns.jar
b6f11000-b6f12000 rw-p 00000000 00:00 0 
b6f12000-b6f13000 r--p 00000000 00:00 0 
b6f13000-b6f17000 rw-p 00000000 00:00 0 
b6f17000-b6f18000 r--p 0001d000 b3:02 9081       /lib/arm-linux-gnueabihf/ld-2.13.so
b6f18000-b6f19000 rw-p 0001e000 b3:02 9081       /lib/arm-linux-gnueabihf/ld-2.13.so
be895000-be8b6000 rw-p 00000000 00:00 0          [stack]
ffff0000-ffff1000 r-xp 00000000 00:00 0          [vectors]

VM Arguments:
java_command: VMEmulatorMain
Launcher Type: SUN_STANDARD

Environment Variables:
PATH=/usr/lib/arm-linux-gnueabihf/libfm:/usr/local/sbin:/usr/local/bin:/usr/sbin:/usr/bin:/sbin:/bin:/usr/local/games:/usr/games
LD_LIBRARY_PATH=/usr/lib/jvm/java-6-openjdk-armhf/jre/lib/arm/server:/usr/lib/jvm/java-6-openjdk-armhf/jre/lib/arm:/usr/lib/jvm/java-6-openjdk-armhf/jre/../lib/arm:/usr/local/lib/gstreamer-1.0/
SHELL=/bin/bash
DISPLAY=:0.0

Signal Handlers:
SIGSEGV: [libjvm.so+0x33e0f0], sa_mask[0]=0x7ffbfeff, sa_flags=0x10000004
SIGBUS: [libjvm.so+0x33e0f0], sa_mask[0]=0x7ffbfeff, sa_flags=0x10000004
SIGFPE: [libjvm.so+0x28d484], sa_mask[0]=0x7ffbfeff, sa_flags=0x10000004
SIGPIPE: [libjvm.so+0x28d484], sa_mask[0]=0x7ffbfeff, sa_flags=0x10000004
SIGXFSZ: [libjvm.so+0x28d484], sa_mask[0]=0x7ffbfeff, sa_flags=0x10000004
SIGILL: [libjvm.so+0x28d484], sa_mask[0]=0x7ffbfeff, sa_flags=0x10000004
SIGUSR1: SIG_DFL, sa_mask[0]=0x00000000, sa_flags=0x00000000
SIGUSR2: [libjvm.so+0x28d654], sa_mask[0]=0x00000000, sa_flags=0x10000004
SIGHUP: [libjvm.so+0x28f97c], sa_mask[0]=0x7ffbfeff, sa_flags=0x10000004
SIGINT: [libjvm.so+0x28f97c], sa_mask[0]=0x7ffbfeff, sa_flags=0x10000004
SIGTERM: [libjvm.so+0x28f97c], sa_mask[0]=0x7ffbfeff, sa_flags=0x10000004
SIGQUIT: [libjvm.so+0x28f97c], sa_mask[0]=0x7ffbfeff, sa_flags=0x10000004


---------------  S Y S T E M  ---------------

OS:7.1

uname:Linux 3.6.11+ #474 PREEMPT Thu Jun 13 17:14:42 BST 2013 armv6l
libc:glibc 2.13 NPTL 2.13 
rlimit: STACK 8192k, CORE 0k, NPROC 2869, NOFILE 4096, AS infinity
load average:3.59 1.40 0.98

/proc/meminfo:
MemTotal:         383752 kB
MemFree:            8360 kB
Buffers:             180 kB
Cached:            10636 kB
SwapCached:          596 kB
Active:           175844 kB
Inactive:         175776 kB
Active(anon):     172712 kB
Inactive(anon):   172712 kB
Active(file):       3132 kB
Inactive(file):     3064 kB
Unevictable:        3284 kB
Mlocked:            3284 kB
SwapTotal:        102396 kB
SwapFree:          70300 kB
Dirty:                20 kB
Writeback:             8 kB
AnonPages:        343500 kB
Mapped:             8144 kB
Shmem:              2348 kB
Slab:               9096 kB
SReclaimable:       3436 kB
SUnreclaim:         5660 kB
KernelStack:        1664 kB
PageTables:         3376 kB
NFS_Unstable:          0 kB
Bounce:                0 kB
WritebackTmp:          0 kB
CommitLimit:      294272 kB
Committed_AS:     783728 kB
VmallocTotal:     630784 kB
VmallocUsed:        2308 kB
VmallocChunk:     411652 kB


CPU:total 1 

Memory: 4k page, physical 383752k(8360k free), swap 102396k(70300k free)

vm_info: OpenJDK Zero VM (20.0-b12) for linux-arm JRE (1.6.0_27-b27), built on May  5 2013 01:04:48 by "root" with gcc 4.7.2

time: Fri Jul 19 13:38:09 2013
elapsed time: 36 seconds

